<?xml version="1.0" encoding="UTF-8"?>
<testsuite name="com.moneygaming.preinterviewtest.AppTest" tests="1" skipped="0" failures="0" errors="0" timestamp="2021-11-07T21:35:30" hostname="LAPTOP-N07C24J6" time="0.004">
  <properties/>
  <testcase name="shouldAnswerWithTrue" classname="com.moneygaming.preinterviewtest.AppTest" time="0.004"/>
  <system-out><![CDATA[]]></system-out>
  <system-err><![CDATA[]]></system-err>
</testsuite>
